<?xml version="1.0" encoding="UTF-8"?>
<!-- Generated by org.testng.reporters.JUnitReportReporter -->
<testsuite hostname="Sanjaykumar" failures="0" tests="1" name="pom_script.Extent_reports" time="0.466" errors="0" timestamp="2023-07-06T20:32:45 IST" skipped="0">
  <testcase classname="pom_script.Extent_reports" name="mul" time="0.466"/>
</testsuite> <!-- pom_script.Extent_reports -->
